<?xml version="1.0" encoding="UTF-8"?>
<testsuite name="com.tr.tests.CreateBoard" tests="2" skipped="0" failures="0" errors="0" timestamp="2019-05-19T19:11:37" hostname="Lena-Toshiba" time="12.129">
  <properties/>
  <testcase name="boardCcountTest" classname="com.tr.tests.CreateBoard" time="0.061"/>
  <testcase name="boardCreationTest" classname="com.tr.tests.CreateBoard" time="12.026"/>
  <system-out><![CDATA[7
8    -   7
]]></system-out>
  <system-err><![CDATA[]]></system-err>
</testsuite>
