<?xml version="1.0" encoding="UTF-8"?>
<testsuite name="com.tr.tests.DeleteBoardTests" tests="1" skipped="1" failures="0" errors="0" timestamp="2019-05-17T10:21:47" hostname="Lena-Toshiba" time="0.0">
  <properties/>
  <testcase name="firstPrivateBoardDeletionTest" classname="com.tr.tests.DeleteBoardTests" time="0.0">
    <skipped/>
  </testcase>
  <system-out><![CDATA[]]></system-out>
  <system-err><![CDATA[]]></system-err>
</testsuite>
